time="09:55:06" level=debug msg="tray buffer : [20 19 18 17 16 15 14 13 12 11 10 9 8 7 6 5 4 3 2 1]" func="apcs_refactored/plc/trayBuffer.(*TrayBuffer).Get" file="C:/Users/line/Desktop/로봇/workspace/websocket/apcs/plc/trayBuffer/trayBuffer.go:79"
time="09:55:06" level=info msg="[PLC_Job] Job을 로봇에 배정했습니다. Job=테이블 앞 대기, RobotId=1" func=apcs_refactored/plc/robot.DistributeJob file="C:/Users/line/Desktop/로봇/workspace/websocket/apcs/plc/robot/job.go:70"
time="09:55:06" level=info msg="[PLC] 테이블 점유" func=apcs_refactored/plc/resource.ReserveTable file="C:/Users/line/Desktop/로봇/workspace/websocket/apcs/plc/resource/resource.go:61"
time="09:55:06" level=info msg="[PLC_로봇_Step] 테이블로 이동. robotId=1" func="apcs_refactored/plc/robot.(*robot).moveToTable" file="C:/Users/line/Desktop/로봇/workspace/websocket/apcs/plc/robot/robot.go:64"
time="09:55:06" level=info msg="[PLC_Door] 도어 조작: DoorTypeFront, DoorOperationOpen" func=apcs_refactored/plc/door.SetUpDoor file="C:/Users/line/Desktop/로봇/workspace/websocket/apcs/plc/door/door.go:30"
time="09:55:07" level=info msg="[PLC_Sensor] 테이블 물품 존재 여부 감지: false" func=apcs_refactored/plc/sensor.SenseTableForItem file="C:/Users/line/Desktop/로봇/workspace/websocket/apcs/plc/sensor/sensor.go:26"
time="09:55:07" level=info msg="[PLC_Door] 도어 조작: DoorTypeFront, DoorOperationClose" func=apcs_refactored/plc/door.SetUpDoor file="C:/Users/line/Desktop/로봇/workspace/websocket/apcs/plc/door/door.go:30"
time="09:55:07" level=info msg="[PLC_Sensor] 크기/무게 측정: {225 10 7 0}" func=apcs_refactored/plc/sensor.SenseItemInfo file="C:/Users/line/Desktop/로봇/workspace/websocket/apcs/plc/sensor/sensor.go:42"
time="09:55:10" level=info msg="[PLC] 물품 수납. slotId=76" func=apcs_refactored/plc.InputItem file="C:/Users/line/Desktop/로봇/workspace/websocket/apcs/plc/plc.go:197"
time="09:55:10" level=info msg="[PLC_Job] Job을 로봇에 배정했습니다. Job=물건 수납, RobotId=1" func=apcs_refactored/plc/robot.DistributeJob file="C:/Users/line/Desktop/로봇/workspace/websocket/apcs/plc/robot/job.go:70"
time="09:55:10" level=info msg="[PLC_로봇_Step] 테이블로 이동. robotId=1" func="apcs_refactored/plc/robot.(*robot).moveToTable" file="C:/Users/line/Desktop/로봇/workspace/websocket/apcs/plc/robot/robot.go:64"
time="09:55:10" level=info msg="[PLC_Door] 도어 조작: DoorTypeBack, DoorOperationOpen" func=apcs_refactored/plc/door.SetUpDoor file="C:/Users/line/Desktop/로봇/workspace/websocket/apcs/plc/door/door.go:30"

time="09:55:14" level=debug msg="tray buffer : [19 18 17 16 15 14 13 12 11 10 9 8 7 6 5 4 3 2 1]" func="apcs_refactored/plc/trayBuffer.(*TrayBuffer).Get" file="C:/Users/line/Desktop/로봇/workspace/websocket/apcs/plc/trayBuffer/trayBuffer.go:79"
time="09:55:14" level=info msg="[PLC_Job] Job을 로봇에 배정했습니다. Job=테이블 앞 대기, RobotId=2" func=apcs_refactored/plc/robot.DistributeJob file="C:/Users/line/Desktop/로봇/workspace/websocket/apcs/plc/robot/job.go:70"

time="09:55:15" level=info msg="[PLC_로봇_Step] 테이블에서 트레이 꺼내기. robotId=1" func="apcs_refactored/plc/robot.(*robot).pullFromTable" file="C:/Users/line/Desktop/로봇/workspace/websocket/apcs/plc/robot/robot.go:93"
time="09:55:17" level=info msg="[PLC_Door] 도어 조작: DoorTypeBack, DoorOperationClose" func=apcs_refactored/plc/door.SetUpDoor file="C:/Users/line/Desktop/로봇/workspace/websocket/apcs/plc/door/door.go:30"
time="09:55:18" level=info msg="[PLC_Buffer] 트레이 버퍼 조작: BufferOperationUp" func=apcs_refactored/plc/trayBuffer.SetUpTrayBuffer file="C:/Users/line/Desktop/로봇/workspace/websocket/apcs/plc/trayBuffer/trayBuffer.go:31"
time="09:55:19" level=info msg="[PLC] 슬롯 점유" func=apcs_refactored/plc/resource.ReserveSlot file="C:/Users/line/Desktop/로봇/workspace/websocket/apcs/plc/resource/resource.go:89"
time="09:55:19" level=info msg="[PLC_로봇_Step] 슬롯으로 이동. robotId=1, slotId=76" func="apcs_refactored/plc/robot.(*robot).moveToSlot" file="C:/Users/line/Desktop/로봇/workspace/websocket/apcs/plc/robot/robot.go:53"
time="09:55:19" level=info msg="[PLC] 테이블 점유 해제" func=apcs_refactored/plc/resource.ReleaseTable file="C:/Users/line/Desktop/로봇/workspace/websocket/apcs/plc/resource/resource.go:113"

time="09:55:19" level=info msg="[PLC] 테이블 점유" func=apcs_refactored/plc/resource.ReserveTable file="C:/Users/line/Desktop/로봇/workspace/websocket/apcs/plc/resource/resource.go:73"
time="09:55:19" level=info msg="[PLC_로봇_Step] 테이블로 이동. robotId=2" func="apcs_refactored/plc/robot.(*robot).moveToTable" file="C:/Users/line/Desktop/로봇/workspace/websocket/apcs/plc/robot/robot.go:64"
time="09:55:20" level=info msg="[PLC_Door] 도어 조작: DoorTypeFront, DoorOperationOpen" func=apcs_refactored/plc/door.SetUpDoor file="C:/Users/line/Desktop/로봇/workspace/websocket/apcs/plc/door/door.go:30"
time="09:55:21" level=info msg="[PLC_Sensor] 테이블 물품 존재 여부 감지: false" func=apcs_refactored/plc/sensor.SenseTableForItem file="C:/Users/line/Desktop/로봇/workspace/websocket/apcs/plc/sensor/sensor.go:26"
time="09:55:21" level=info msg="[PLC_Door] 도어 조작: DoorTypeFront, DoorOperationClose" func=apcs_refactored/plc/door.SetUpDoor file="C:/Users/line/Desktop/로봇/workspace/websocket/apcs/plc/door/door.go:30"
time="09:55:21" level=info msg="[PLC_Sensor] 크기/무게 측정: {10 4 10 0}" func=apcs_refactored/plc/sensor.SenseItemInfo file="C:/Users/line/Desktop/로봇/workspace/websocket/apcs/plc/sensor/sensor.go:42"

time="09:55:21" level=info msg="[PLC_로봇_Step] 슬롯으로 트레이 넣기. robotId=1, slotId=76" func="apcs_refactored/plc/robot.(*robot).pushToSlot" file="C:/Users/line/Desktop/로봇/workspace/websocket/apcs/plc/robot/robot.go:83"
time="09:55:22" level=info msg="[PLC] 슬롯 점유 해제" func=apcs_refactored/plc/resource.ReleaseSlot file="C:/Users/line/Desktop/로봇/workspace/websocket/apcs/plc/resource/resource.go:122"

time="09:55:23" level=info msg="[PLC] 물품 수납. slotId=364" func=apcs_refactored/plc.InputItem file="C:/Users/line/Desktop/로봇/workspace/websocket/apcs/plc/plc.go:197"
time="09:55:23" level=info msg="[PLC_로봇_Job] 테이블의 물건을 슬롯에 가져다 놓기. slotId=364" func=apcs_refactored/plc/robot.JobInputItem file="C:/Users/line/Desktop/로봇/workspace/websocket/apcs/plc/robot/job.go:230"
time="09:55:23" level=info msg="[PLC_Job] Job을 로봇에 배정했습니다. Job=물건 수납, RobotId=2" func=apcs_refactored/plc/robot.DistributeJob file="C:/Users/line/Desktop/로봇/workspace/websocket/apcs/plc/robot/job.go:70"
time="09:55:23" level=info msg="[PLC_로봇_Step] 테이블로 이동. robotId=2" func="apcs_refactored/plc/robot.(*robot).moveToTable" file="C:/Users/line/Desktop/로봇/workspace/websocket/apcs/plc/robot/robot.go:64"
time="09:55:24" level=info msg="[PLC_Door] 도어 조작: DoorTypeBack, DoorOperationOpen" func=apcs_refactored/plc/door.SetUpDoor file="C:/Users/line/Desktop/로봇/workspace/websocket/apcs/plc/door/door.go:30"
time="09:55:25" level=info msg="[PLC_로봇_Step] 테이블에서 트레이 꺼내기. robotId=2" func="apcs_refactored/plc/robot.(*robot).pullFromTable" file="C:/Users/line/Desktop/로봇/workspace/websocket/apcs/plc/robot/robot.go:93"
time="09:55:29" level=info msg="업무 완료 응답" func=apcs_refactored/plc/robot.CheckCompletePlc file="C:/Users/line/Desktop/로봇/workspace/websocket/apcs/plc/robot/job.go:466"
time="09:55:29" level=info msg="[PLC_Door] 도어 조작: DoorTypeBack, DoorOperationClose" func=apcs_refactored/plc/door.SetUpDoor file="C:/Users/line/Desktop/로봇/workspace/websocket/apcs/plc/door/door.go:30"
time="09:55:29" level=info msg="[PLC] 데이터 조회" func=apcs_refactored/plc/robot.CheckCompletePlc file="C:/Users/line/Desktop/로봇/workspace/websocket/apcs/plc/robot/job.go:464"
time="09:55:30" level=info msg="[PLC] 데이터 조회" func=apcs_refactored/plc/robot.CheckCompletePlc file="C:/Users/line/Desktop/로봇/workspace/websocket/apcs/plc/robot/job.go:464"
time="09:55:30" level=info msg="업무 완료 응답" func=apcs_refactored/plc/robot.CheckCompletePlc file="C:/Users/line/Desktop/로봇/workspace/websocket/apcs/plc/robot/job.go:466"
time="09:55:30" level=info msg="[PLC_Buffer] 트레이 버퍼 조작: BufferOperationUp" func=apcs_refactored/plc/trayBuffer.SetUpTrayBuffer file="C:/Users/line/Desktop/로봇/workspace/websocket/apcs/plc/trayBuffer/trayBuffer.go:31"
time="09:55:30" level=info msg="[PLC] 데이터 조회" func=apcs_refactored/plc/robot.CheckCompletePlc file="C:/Users/line/Desktop/로봇/workspace/websocket/apcs/plc/robot/job.go:464"
time="09:55:31" level=info msg="[PLC] 데이터 조회" func=apcs_refactored/plc/robot.CheckCompletePlc file="C:/Users/line/Desktop/로봇/workspace/websocket/apcs/plc/robot/job.go:464"
time="09:55:31" level=info msg="업무 완료 응답" func=apcs_refactored/plc/robot.CheckCompletePlc file="C:/Users/line/Desktop/로봇/workspace/websocket/apcs/plc/robot/job.go:466"
time="09:55:31" level=info msg="[PLC] 슬롯 점유" func=apcs_refactored/plc/resource.ReserveSlot file="C:/Users/line/Desktop/로봇/workspace/websocket/apcs/plc/resource/resource.go:89"
time="09:55:31" level=info msg="[PLC_로봇_Step] 슬롯으로 이동. robotId=2, slotId=364" func="apcs_refactored/plc/robot.(*robot).moveToSlot" file="C:/Users/line/Desktop/로봇/workspace/websocket/apcs/plc/robot/robot.go:53"
time="09:55:32" level=info msg="[PLC] 테이블 점유 해제" func=apcs_refactored/plc/resource.ReleaseTable file="C:/Users/line/Desktop/로봇/workspace/websocket/apcs/plc/resource/resource.go:113"
time="09:55:32" level=info msg="[PLC] 데이터 조회" func=apcs_refactored/plc/robot.CheckCompletePlc file="C:/Users/line/Desktop/로봇/workspace/websocket/apcs/plc/robot/job.go:464"
time="09:55:33" level=info msg="[PLC] 데이터 조회" func=apcs_refactored/plc/robot.CheckCompletePlc file="C:/Users/line/Desktop/로봇/workspace/websocket/apcs/plc/robot/job.go:464"
time="09:55:33" level=info msg="업무 완료 응답" func=apcs_refactored/plc/robot.CheckCompletePlc file="C:/Users/line/Desktop/로봇/workspace/websocket/apcs/plc/robot/job.go:466"
time="09:55:33" level=info msg="[PLC_로봇_Step] 슬롯으로 트레이 넣기. robotId=2, slotId=364" func="apcs_refactored/plc/robot.(*robot).pushToSlot" file="C:/Users/line/Desktop/로봇/workspace/websocket/apcs/plc/robot/robot.go:83"
time="09:55:33" level=info msg="[PLC] 슬롯 점유 해제" func=apcs_refactored/plc/resource.ReleaseSlot file="C:/Users/line/Desktop/로봇/workspace/websocket/apcs/plc/resource/resource.go:122"
time="09:55:38" level=debug msg="URL: /input/register_delivery" func=apcs_refactored/webserver.RegisterDelivery file="C:/Users/line/Desktop/로봇/workspace/websocket/apcs/webserver/template.go:115"
